<?xml version="1.0" encoding="UTF-8"?>
<!-- Generated by org.testng.reporters.JUnitReportReporter -->
<testsuite name="facebookmessage.suites.FacebookMessage" tests="1" time="20.549" ignored="0" failures="0" timestamp="26 Dec 2016 05:57:00 GMT" skipped="0" hostname="NguyenPT.local" errors="0">
  <testcase name="postAFacebookMessage" time="20.549" classname="facebookmessage.suites.FacebookMessage"/>
</testsuite> <!-- facebookmessage.suites.FacebookMessage -->
