<?xml version="1.0" encoding="UTF-8"?>
<!-- Generated by org.testng.reporters.JUnitReportReporter -->
<testsuite name="facebookmessage.suites.FacebookMessage" tests="1" time="11.129" ignored="0" failures="0" timestamp="26 Dec 2016 04:32:33 GMT" skipped="0" hostname="NguyenPT.local" errors="0">
  <testcase name="postAFacebookMessage" time="11.129" classname="facebookmessage.suites.FacebookMessage"/>
</testsuite> <!-- facebookmessage.suites.FacebookMessage -->
