<?xml version="1.0" encoding="UTF-8"?>
<!-- Generated by org.testng.reporters.JUnitReportReporter -->
<testsuite name="wallethub.suites.WalletHubReview" tests="1" time="22.244" ignored="0" failures="0" timestamp="26 Dec 2016 02:42:18 GMT" skipped="0" hostname="NguyenPT.local" errors="0">
  <testcase name="WalletHubReviewVerify" time="22.244" classname="wallethub.suites.WalletHubReview"/>
</testsuite> <!-- wallethub.suites.WalletHubReview -->
